# JRE version: Java(TM) SE Runtime Environment (7.0_79-b15) (build 1.7.0_79-b15)
# Java VM: Java HotSpot(TM) 64-Bit Server VM (24.79-b02 mixed mode windows-amd64 compressed oops)
Heap
 PSYoungGen      total 118272K, used 10572K [0x00000000f8000000, 0x0000000100000000, 0x0000000100000000)
  eden space 105472K, 10% used [0x00000000f8000000,0x00000000f8a531e8,0x00000000fe700000)
  from space 12800K, 0% used [0x00000000ff380000,0x00000000ff380000,0x0000000100000000)
  to   space 12800K, 0% used [0x00000000fe700000,0x00000000fe700000,0x00000000ff380000)
 ParOldGen       total 393216K, used 44340K [0x00000000e0000000, 0x00000000f8000000, 0x00000000f8000000)
  object space 393216K, 11% used [0x00000000e0000000,0x00000000e2b4d388,0x00000000f8000000)
 PSPermGen       total 64000K, used 32315K [0x00000000dae00000, 0x00000000dec80000, 0x00000000e0000000)
  object space 64000K, 50% used [0x00000000dae00000,0x00000000dcd8ee20,0x00000000dec80000)
GC Heap History (10 events):
Event: 62.375 GC heap before
{Heap before GC invocations=3 (full 0):
 PSYoungGen      total 118272K, used 118264K [0x00000000f8000000, 0x0000000100000000, 0x0000000100000000)
  eden space 105472K, 100% used [0x00000000f8000000,0x00000000fe700000,0x00000000fe700000)
  from space 12800K, 99% used [0x00000000ff380000,0x00000000ffffe288,0x0000000100000000)
  to   space 12800K, 0% used [0x00000000fe700000,0x00000000fe700000,0x00000000ff380000)
 ParOldGen       total 393216K, used 12264K [0x00000000e0000000, 0x00000000f8000000, 0x00000000f8000000)
  object space 393216K, 3% used [0x00000000e0000000,0x00000000e0bfa158,0x00000000f8000000)
 PSPermGen       total 30720K, used 30658K [0x00000000dae00000, 0x00000000dcc00000, 0x00000000e0000000)
  object space 30720K, 99% used [0x00000000dae00000,0x00000000dcbf0b78,0x00000000dcc00000)
Event: 62.427 GC heap after
Heap after GC invocations=3 (full 0):
 PSYoungGen      total 118272K, used 12792K [0x00000000f8000000, 0x0000000100000000, 0x0000000100000000)
  eden space 105472K, 0% used [0x00000000f8000000,0x00000000f8000000,0x00000000fe700000)
  from space 12800K, 99% used [0x00000000fe700000,0x00000000ff37e118,0x00000000ff380000)
  to   space 12800K, 0% used [0x00000000ff380000,0x00000000ff380000,0x0000000100000000)
 ParOldGen       total 393216K, used 23029K [0x00000000e0000000, 0x00000000f8000000, 0x00000000f8000000)
  object space 393216K, 5% used [0x00000000e0000000,0x00000000e167d740,0x00000000f8000000)
 PSPermGen       total 30720K, used 30658K [0x00000000dae00000, 0x00000000dcc00000, 0x00000000e0000000)
  object space 30720K, 99% used [0x00000000dae00000,0x00000000dcbf0b78,0x00000000dcc00000)
}
Event: 63.857 GC heap before
{Heap before GC invocations=4 (full 0):
 PSYoungGen      total 118272K, used 118264K [0x00000000f8000000, 0x0000000100000000, 0x0000000100000000)
  eden space 105472K, 100% used [0x00000000f8000000,0x00000000fe700000,0x00000000fe700000)
  from space 12800K, 99% used [0x00000000fe700000,0x00000000ff37e118,0x00000000ff380000)
  to   space 12800K, 0% used [0x00000000ff380000,0x00000000ff380000,0x0000000100000000)
 ParOldGen       total 393216K, used 23029K [0x00000000e0000000, 0x00000000f8000000, 0x00000000f8000000)
  object space 393216K, 5% used [0x00000000e0000000,0x00000000e167d740,0x00000000f8000000)
 PSPermGen       total 31744K, used 31262K [0x00000000dae00000, 0x00000000dcd00000, 0x00000000e0000000)
  object space 31744K, 98% used [0x00000000dae00000,0x00000000dcc87920,0x00000000dcd00000)
Event: 63.900 GC heap after
Heap after GC invocations=4 (full 0):
 PSYoungGen      total 118272K, used 12777K [0x00000000f8000000, 0x0000000100000000, 0x0000000100000000)
  eden space 105472K, 0% used [0x00000000f8000000,0x00000000f8000000,0x00000000fe700000)
  from space 12800K, 99% used [0x00000000ff380000,0x00000000ffffa650,0x0000000100000000)
  to   space 12800K, 0% used [0x00000000fe700000,0x00000000fe700000,0x00000000ff380000)
 ParOldGen       total 393216K, used 33278K [0x00000000e0000000, 0x00000000f8000000, 0x00000000f8000000)
  object space 393216K, 8% used [0x00000000e0000000,0x00000000e207f8b0,0x00000000f8000000)
 PSPermGen       total 31744K, used 31262K [0x00000000dae00000, 0x00000000dcd00000, 0x00000000e0000000)
  object space 31744K, 98% used [0x00000000dae00000,0x00000000dcc87920,0x00000000dcd00000)
}
Event: 619.991 GC heap before
{Heap before GC invocations=5 (full 0):
 PSYoungGen      total 118272K, used 118249K [0x00000000f8000000, 0x0000000100000000, 0x0000000100000000)
  eden space 105472K, 100% used [0x00000000f8000000,0x00000000fe700000,0x00000000fe700000)
  from space 12800K, 99% used [0x00000000ff380000,0x00000000ffffa650,0x0000000100000000)
  to   space 12800K, 0% used [0x00000000fe700000,0x00000000fe700000,0x00000000ff380000)
 ParOldGen       total 393216K, used 33278K [0x00000000e0000000, 0x00000000f8000000, 0x00000000f8000000)
  object space 393216K, 8% used [0x00000000e0000000,0x00000000e207f8b0,0x00000000f8000000)
 PSPermGen       total 32256K, used 31820K [0x00000000dae00000, 0x00000000dcd80000, 0x00000000e0000000)
  object space 32256K, 98% used [0x00000000dae00000,0x00000000dcd131f8,0x00000000dcd80000)
Event: 620.078 GC heap after
Heap after GC invocations=5 (full 0):
 PSYoungGen      total 118272K, used 12768K [0x00000000f8000000, 0x0000000100000000, 0x0000000100000000)
  eden space 105472K, 0% used [0x00000000f8000000,0x00000000f8000000,0x00000000fe700000)
  from space 12800K, 99% used [0x00000000fe700000,0x00000000ff3781f8,0x00000000ff380000)
  to   space 12800K, 0% used [0x00000000ff380000,0x00000000ff380000,0x0000000100000000)
 ParOldGen       total 393216K, used 42356K [0x00000000e0000000, 0x00000000f8000000, 0x00000000f8000000)
  object space 393216K, 10% used [0x00000000e0000000,0x00000000e295d2c0,0x00000000f8000000)
 PSPermGen       total 32256K, used 31820K [0x00000000dae00000, 0x00000000dcd80000, 0x00000000e0000000)
  object space 32256K, 98% used [0x00000000dae00000,0x00000000dcd131f8,0x00000000dcd80000)
}
Event: 647.372 GC heap before
{Heap before GC invocations=6 (full 0):
 PSYoungGen      total 118272K, used 36901K [0x00000000f8000000, 0x0000000100000000, 0x0000000100000000)
  eden space 105472K, 22% used [0x00000000f8000000,0x00000000f9791578,0x00000000fe700000)
  from space 12800K, 99% used [0x00000000fe700000,0x00000000ff3781f8,0x00000000ff380000)
  to   space 12800K, 0% used [0x00000000ff380000,0x00000000ff380000,0x0000000100000000)
 ParOldGen       total 393216K, used 42356K [0x00000000e0000000, 0x00000000f8000000, 0x00000000f8000000)
  object space 393216K, 10% used [0x00000000e0000000,0x00000000e295d2c0,0x00000000f8000000)
 PSPermGen       total 32768K, used 32484K [0x00000000dae00000, 0x00000000dce00000, 0x00000000e0000000)
  object space 32768K, 99% used [0x00000000dae00000,0x00000000dcdb90e8,0x00000000dce00000)
Event: 647.443 GC heap after
Heap after GC invocations=6 (full 0):
 PSYoungGen      total 118272K, used 12799K [0x00000000f8000000, 0x0000000100000000, 0x0000000100000000)
  eden space 105472K, 0% used [0x00000000f8000000,0x00000000f8000000,0x00000000fe700000)
  from space 12800K, 99% used [0x00000000ff380000,0x00000000ffffff28,0x0000000100000000)
  to   space 12800K, 0% used [0x00000000fe700000,0x00000000fe700000,0x00000000ff380000)
 ParOldGen       total 393216K, used 43571K [0x00000000e0000000, 0x00000000f8000000, 0x00000000f8000000)
  object space 393216K, 11% used [0x00000000e0000000,0x00000000e2a8cd30,0x00000000f8000000)
 PSPermGen       total 32768K, used 32484K [0x00000000dae00000, 0x00000000dce00000, 0x00000000e0000000)
  object space 32768K, 99% used [0x00000000dae00000,0x00000000dcdb90e8,0x00000000dce00000)
}
Event: 647.444 GC heap before
{Heap before GC invocations=7 (full 1):
 PSYoungGen      total 118272K, used 12799K [0x00000000f8000000, 0x0000000100000000, 0x0000000100000000)
  eden space 105472K, 0% used [0x00000000f8000000,0x00000000f8000000,0x00000000fe700000)
  from space 12800K, 99% used [0x00000000ff380000,0x00000000ffffff28,0x0000000100000000)
  to   space 12800K, 0% used [0x00000000fe700000,0x00000000fe700000,0x00000000ff380000)
 ParOldGen       total 393216K, used 43571K [0x00000000e0000000, 0x00000000f8000000, 0x00000000f8000000)
  object space 393216K, 11% used [0x00000000e0000000,0x00000000e2a8cd30,0x00000000f8000000)
 PSPermGen       total 32768K, used 32484K [0x00000000dae00000, 0x00000000dce00000, 0x00000000e0000000)
  object space 32768K, 99% used [0x00000000dae00000,0x00000000dcdb90e8,0x00000000dce00000)
Event: 648.325 GC heap after
Heap after GC invocations=7 (full 1):
 PSYoungGen      total 118272K, used 0K [0x00000000f8000000, 0x0000000100000000, 0x0000000100000000)
  eden space 105472K, 0% used [0x00000000f8000000,0x00000000f8000000,0x00000000fe700000)
  from space 12800K, 0% used [0x00000000ff380000,0x00000000ff380000,0x0000000100000000)
  to   space 12800K, 0% used [0x00000000fe700000,0x00000000fe700000,0x00000000ff380000)
 ParOldGen       total 393216K, used 44340K [0x00000000e0000000, 0x00000000f8000000, 0x00000000f8000000)
  object space 393216K, 11% used [0x00000000e0000000,0x00000000e2b4d388,0x00000000f8000000)
 PSPermGen       total 64000K, used 31395K [0x00000000dae00000, 0x00000000dec80000, 0x00000000e0000000)
  object space 64000K, 49% used [0x00000000dae00000,0x00000000dcca8fe0,0x00000000dec80000)
}

